This file contains any messages produced by compilers while
running configure, to aid debugging if configure makes a mistake.

It was created by configure, which was
generated by GNU Autoconf 2.57.  Invocation command line was

  $ ./configure 

## --------- ##
## Platform. ##
## --------- ##

hostname = corona
uname -m = x86_64
uname -r = 2.6.31-14-server
uname -s = Linux
uname -v = #48-Ubuntu SMP Fri Oct 16 15:07:34 UTC 2009

/usr/bin/uname -p = unknown
/bin/uname -X     = unknown

/bin/arch              = unknown
/usr/bin/arch -k       = unknown
/usr/convex/getsysinfo = unknown
hostinfo               = unknown
/bin/machine           = unknown
/usr/bin/oslevel       = unknown
/bin/universe          = unknown

PATH: /home/soohyunc/USN/tcl8.4.5/unix
PATH: /home/soohyunc/USN/tk8.4.5/unix
PATH: /home/soohyunc/USN/bin
PATH: /home/soohyunc/bin
PATH: /usr/local/bin
PATH: /usr/local/sbin
PATH: /sbin
PATH: /usr/sbin
PATH: /bin
PATH: /usr/bin
PATH: /usr/bin/X11
PATH: /usr/games
PATH: /home/soohyunc/TFWC/bin
PATH: /home/soohyunc/TFWC/tcl8.4.5/unix
PATH: /home/soohyunc/TFWC/tk8.4.5/unix


## ----------- ##
## Core tests. ##
## ----------- ##

configure:1410: checking build system type
configure:1428: result: x86_64-unknown-linux-gnu
configure:1436: checking host system type
configure:1450: result: x86_64-unknown-linux-gnu
configure:1458: checking target system type
configure:1472: result: x86_64-unknown-linux-gnu
configure:1533: checking for gcc
configure:1549: found /usr/bin/gcc
configure:1559: result: gcc
configure:1803: checking for C compiler version
configure:1806: gcc --version </dev/null >&5
gcc (Ubuntu 4.4.1-4ubuntu8) 4.4.1
Copyright (C) 2009 Free Software Foundation, Inc.
This is free software; see the source for copying conditions.  There is NO
warranty; not even for MERCHANTABILITY or FITNESS FOR A PARTICULAR PURPOSE.

configure:1809: $? = 0
configure:1811: gcc -v </dev/null >&5
Using built-in specs.
Target: x86_64-linux-gnu
Configured with: ../src/configure -v --with-pkgversion='Ubuntu 4.4.1-4ubuntu8' --with-bugurl=file:///usr/share/doc/gcc-4.4/README.Bugs --enable-languages=c,c++,fortran,objc,obj-c++ --prefix=/usr --enable-shared --enable-multiarch --enable-linker-build-id --with-system-zlib --libexecdir=/usr/lib --without-included-gettext --enable-threads=posix --with-gxx-include-dir=/usr/include/c++/4.4 --program-suffix=-4.4 --enable-nls --enable-clocale=gnu --enable-libstdcxx-debug --enable-objc-gc --disable-werror --with-arch-32=i486 --with-tune=generic --enable-checking=release --build=x86_64-linux-gnu --host=x86_64-linux-gnu --target=x86_64-linux-gnu
Thread model: posix
gcc version 4.4.1 (Ubuntu 4.4.1-4ubuntu8) 
configure:1814: $? = 0
configure:1816: gcc -V </dev/null >&5
gcc: '-V' option must have argument
configure:1819: $? = 1
configure:1843: checking for C compiler default output
configure:1846: gcc    conftest.c  >&5
configure:1849: $? = 0
configure:1895: result: a.out
configure:1900: checking whether the C compiler works
configure:1906: ./a.out
configure:1909: $? = 0
configure:1926: result: yes
configure:1933: checking whether we are cross compiling
configure:1935: result: no
configure:1938: checking for suffix of executables
configure:1940: gcc -o conftest    conftest.c  >&5
configure:1943: $? = 0
configure:1968: result: 
configure:1974: checking for suffix of object files
configure:1996: gcc -c   conftest.c >&5
configure:1999: $? = 0
configure:2021: result: o
configure:2025: checking whether we are using the GNU C compiler
configure:2050: gcc -c   conftest.c >&5
configure:2053: $? = 0
configure:2056: test -s conftest.o
configure:2059: $? = 0
configure:2072: result: yes
configure:2078: checking whether gcc accepts -g
configure:2100: gcc -c -g  conftest.c >&5
configure:2103: $? = 0
configure:2106: test -s conftest.o
configure:2109: $? = 0
configure:2120: result: yes
configure:2137: checking for gcc option to accept ANSI C
configure:2198: gcc  -c -g -O2  conftest.c >&5
configure:2201: $? = 0
configure:2204: test -s conftest.o
configure:2207: $? = 0
configure:2225: result: none needed
configure:2243: gcc -c -g -O2  conftest.c >&5
conftest.c:2: error: expected '=', ',', ';', 'asm' or '__attribute__' before 'me'
configure:2246: $? = 1
configure: failed program was:
| #ifndef __cplusplus
|   choke me
| #endif
configure:2407: checking for g++
configure:2423: found /usr/bin/g++
configure:2433: result: g++
configure:2449: checking for C++ compiler version
configure:2452: g++ --version </dev/null >&5
g++ (Ubuntu 4.4.1-4ubuntu8) 4.4.1
Copyright (C) 2009 Free Software Foundation, Inc.
This is free software; see the source for copying conditions.  There is NO
warranty; not even for MERCHANTABILITY or FITNESS FOR A PARTICULAR PURPOSE.

configure:2455: $? = 0
configure:2457: g++ -v </dev/null >&5
Using built-in specs.
Target: x86_64-linux-gnu
Configured with: ../src/configure -v --with-pkgversion='Ubuntu 4.4.1-4ubuntu8' --with-bugurl=file:///usr/share/doc/gcc-4.4/README.Bugs --enable-languages=c,c++,fortran,objc,obj-c++ --prefix=/usr --enable-shared --enable-multiarch --enable-linker-build-id --with-system-zlib --libexecdir=/usr/lib --without-included-gettext --enable-threads=posix --with-gxx-include-dir=/usr/include/c++/4.4 --program-suffix=-4.4 --enable-nls --enable-clocale=gnu --enable-libstdcxx-debug --enable-objc-gc --disable-werror --with-arch-32=i486 --with-tune=generic --enable-checking=release --build=x86_64-linux-gnu --host=x86_64-linux-gnu --target=x86_64-linux-gnu
Thread model: posix
gcc version 4.4.1 (Ubuntu 4.4.1-4ubuntu8) 
configure:2460: $? = 0
configure:2462: g++ -V </dev/null >&5
g++: '-V' option must have argument
configure:2465: $? = 1
configure:2468: checking whether we are using the GNU C++ compiler
configure:2493: g++ -c   conftest.cc >&5
configure:2496: $? = 0
configure:2499: test -s conftest.o
configure:2502: $? = 0
configure:2515: result: yes
configure:2521: checking whether g++ accepts -g
configure:2543: g++ -c -g  conftest.cc >&5
configure:2546: $? = 0
configure:2549: test -s conftest.o
configure:2552: $? = 0
configure:2563: result: yes
configure:2607: g++ -c -g -O2  conftest.cc >&5
configure:2610: $? = 0
configure:2613: test -s conftest.o
configure:2616: $? = 0
configure:2643: g++ -c -g -O2  conftest.cc >&5
configure: In function 'int main()':
configure:2639: error: 'exit' was not declared in this scope
configure:2646: $? = 1
configure: failed program was:
| #line 2626 "configure"
| /* confdefs.h.  */
| 
| #define PACKAGE_NAME ""
| #define PACKAGE_TARNAME ""
| #define PACKAGE_VERSION ""
| #define PACKAGE_STRING ""
| #define PACKAGE_BUGREPORT ""
| #define _GNU_SOURCE 1
| /* end confdefs.h.  */
| 
| int
| main ()
| {
| exit (42);
|   ;
|   return 0;
| }
configure:2607: g++ -c -g -O2  conftest.cc >&5
configure:2610: $? = 0
configure:2613: test -s conftest.o
configure:2616: $? = 0
configure:2643: g++ -c -g -O2  conftest.cc >&5
configure:2646: $? = 0
configure:2649: test -s conftest.o
configure:2652: $? = 0
configure:2681: checking how to run the C preprocessor
configure:2717: gcc -E  conftest.c
configure:2723: $? = 0
configure:2755: gcc -E  conftest.c
configure:2758:28: error: ac_nonexistent.h: No such file or directory
configure:2761: $? = 1
configure: failed program was:
| #line 2746 "configure"
| /* confdefs.h.  */
| 
| #define PACKAGE_NAME ""
| #define PACKAGE_TARNAME ""
| #define PACKAGE_VERSION ""
| #define PACKAGE_STRING ""
| #define PACKAGE_BUGREPORT ""
| #define _GNU_SOURCE 1
| #ifdef __cplusplus
| #include <stdlib.h>
| #endif
| /* end confdefs.h.  */
| #include <ac_nonexistent.h>
configure:2799: result: gcc -E
configure:2824: gcc -E  conftest.c
configure:2830: $? = 0
configure:2862: gcc -E  conftest.c
configure:2865:28: error: ac_nonexistent.h: No such file or directory
configure:2868: $? = 1
configure: failed program was:
| #line 2853 "configure"
| /* confdefs.h.  */
| 
| #define PACKAGE_NAME ""
| #define PACKAGE_TARNAME ""
| #define PACKAGE_VERSION ""
| #define PACKAGE_STRING ""
| #define PACKAGE_BUGREPORT ""
| #define _GNU_SOURCE 1
| #ifdef __cplusplus
| #include <stdlib.h>
| #endif
| /* end confdefs.h.  */
| #include <ac_nonexistent.h>
configure:2911: checking for egrep
configure:2921: result: grep -E
configure:2926: checking for ANSI C header files
configure:2952: gcc -c -g -O2  conftest.c >&5
configure:2955: $? = 0
configure:2958: test -s conftest.o
configure:2961: $? = 0
configure:3053: gcc -o conftest -g -O2   conftest.c  >&5
configure: In function 'main':
configure:3050: warning: incompatible implicit declaration of built-in function 'exit'
configure:3056: $? = 0
configure:3058: ./conftest
configure:3061: $? = 0
configure:3076: result: yes
configure:3100: checking for sys/types.h
configure:3117: gcc -c -g -O2  conftest.c >&5
configure:3120: $? = 0
configure:3123: test -s conftest.o
configure:3126: $? = 0
configure:3137: result: yes
configure:3100: checking for sys/stat.h
configure:3117: gcc -c -g -O2  conftest.c >&5
configure:3120: $? = 0
configure:3123: test -s conftest.o
configure:3126: $? = 0
configure:3137: result: yes
configure:3100: checking for stdlib.h
configure:3117: gcc -c -g -O2  conftest.c >&5
configure:3120: $? = 0
configure:3123: test -s conftest.o
configure:3126: $? = 0
configure:3137: result: yes
configure:3100: checking for string.h
configure:3117: gcc -c -g -O2  conftest.c >&5
configure:3120: $? = 0
configure:3123: test -s conftest.o
configure:3126: $? = 0
configure:3137: result: yes
configure:3100: checking for memory.h
configure:3117: gcc -c -g -O2  conftest.c >&5
configure:3120: $? = 0
configure:3123: test -s conftest.o
configure:3126: $? = 0
configure:3137: result: yes
configure:3100: checking for strings.h
configure:3117: gcc -c -g -O2  conftest.c >&5
configure:3120: $? = 0
configure:3123: test -s conftest.o
configure:3126: $? = 0
configure:3137: result: yes
configure:3100: checking for inttypes.h
configure:3117: gcc -c -g -O2  conftest.c >&5
configure:3120: $? = 0
configure:3123: test -s conftest.o
configure:3126: $? = 0
configure:3137: result: yes
configure:3100: checking for stdint.h
configure:3117: gcc -c -g -O2  conftest.c >&5
configure:3120: $? = 0
configure:3123: test -s conftest.o
configure:3126: $? = 0
configure:3137: result: yes
configure:3100: checking for unistd.h
configure:3117: gcc -c -g -O2  conftest.c >&5
configure:3120: $? = 0
configure:3123: test -s conftest.o
configure:3126: $? = 0
configure:3137: result: yes
configure:3154: checking for string.h
configure:3159: result: yes
configure:3301: checking for main in -lXbsd
configure:3326: gcc -o conftest -g -O2   conftest.c -lXbsd   >&5
/usr/bin/ld: cannot find -lXbsd
collect2: ld returned 1 exit status
configure:3329: $? = 1
configure: failed program was:
| #line 3308 "configure"
| /* confdefs.h.  */
| 
| #define PACKAGE_NAME ""
| #define PACKAGE_TARNAME ""
| #define PACKAGE_VERSION ""
| #define PACKAGE_STRING ""
| #define PACKAGE_BUGREPORT ""
| #define _GNU_SOURCE 1
| #ifdef __cplusplus
| #include <stdlib.h>
| #endif
| #define STDC_HEADERS 1
| #define HAVE_SYS_TYPES_H 1
| #define HAVE_SYS_STAT_H 1
| #define HAVE_STDLIB_H 1
| #define HAVE_STRING_H 1
| #define HAVE_MEMORY_H 1
| #define HAVE_STRINGS_H 1
| #define HAVE_INTTYPES_H 1
| #define HAVE_STDINT_H 1
| #define HAVE_UNISTD_H 1
| #define HAVE_STRING_H 1
| /* end confdefs.h.  */
| 
| 
| int
| main ()
| {
| main ();
|   ;
|   return 0;
| }
configure:3347: result: no
configure:3353: checking for socket in -lsocket
configure:3384: gcc -o conftest -g -O2   conftest.c -lsocket   >&5
/usr/bin/ld: cannot find -lsocket
collect2: ld returned 1 exit status
configure:3387: $? = 1
configure: failed program was:
| #line 3360 "configure"
| /* confdefs.h.  */
| 
| #define PACKAGE_NAME ""
| #define PACKAGE_TARNAME ""
| #define PACKAGE_VERSION ""
| #define PACKAGE_STRING ""
| #define PACKAGE_BUGREPORT ""
| #define _GNU_SOURCE 1
| #ifdef __cplusplus
| #include <stdlib.h>
| #endif
| #define STDC_HEADERS 1
| #define HAVE_SYS_TYPES_H 1
| #define HAVE_SYS_STAT_H 1
| #define HAVE_STDLIB_H 1
| #define HAVE_STRING_H 1
| #define HAVE_MEMORY_H 1
| #define HAVE_STRINGS_H 1
| #define HAVE_INTTYPES_H 1
| #define HAVE_STDINT_H 1
| #define HAVE_UNISTD_H 1
| #define HAVE_STRING_H 1
| /* end confdefs.h.  */
| 
| /* Override any gcc2 internal prototype to avoid an error.  */
| #ifdef __cplusplus
| extern "C"
| #endif
| /* We use char because int might match the return type of a gcc2
|    builtin and then its argument prototype would still apply.  */
| char socket ();
| int
| main ()
| {
| socket ();
|   ;
|   return 0;
| }
configure:3405: result: no
configure:3411: checking for gethostbyname in -lnsl
configure:3442: gcc -o conftest -g -O2   conftest.c -lnsl   >&5
configure:3445: $? = 0
configure:3448: test -s conftest
configure:3451: $? = 0
configure:3463: result: yes
configure:3469: checking for dcgettext in -lintl
configure:3500: gcc -o conftest -g -O2   conftest.c -lintl   >&5
configure:3506: warning: conflicting types for built-in function 'dcgettext'
/usr/bin/ld: cannot find -lintl
collect2: ld returned 1 exit status
configure:3503: $? = 1
configure: failed program was:
| #line 3476 "configure"
| /* confdefs.h.  */
| 
| #define PACKAGE_NAME ""
| #define PACKAGE_TARNAME ""
| #define PACKAGE_VERSION ""
| #define PACKAGE_STRING ""
| #define PACKAGE_BUGREPORT ""
| #define _GNU_SOURCE 1
| #ifdef __cplusplus
| #include <stdlib.h>
| #endif
| #define STDC_HEADERS 1
| #define HAVE_SYS_TYPES_H 1
| #define HAVE_SYS_STAT_H 1
| #define HAVE_STDLIB_H 1
| #define HAVE_STRING_H 1
| #define HAVE_MEMORY_H 1
| #define HAVE_STRINGS_H 1
| #define HAVE_INTTYPES_H 1
| #define HAVE_STDINT_H 1
| #define HAVE_UNISTD_H 1
| #define HAVE_STRING_H 1
| /* end confdefs.h.  */
| 
| /* Override any gcc2 internal prototype to avoid an error.  */
| #ifdef __cplusplus
| extern "C"
| #endif
| /* We use char because int might match the return type of a gcc2
|    builtin and then its argument prototype would still apply.  */
| char dcgettext ();
| int
| main ()
| {
| dcgettext ();
|   ;
|   return 0;
| }
configure:3521: result: no
configure:3527: checking for getnodebyname in -ldnet_stub
configure:3558: gcc -o conftest -g -O2   conftest.c -ldnet_stub   >&5
/usr/bin/ld: cannot find -ldnet_stub
collect2: ld returned 1 exit status
configure:3561: $? = 1
configure: failed program was:
| #line 3534 "configure"
| /* confdefs.h.  */
| 
| #define PACKAGE_NAME ""
| #define PACKAGE_TARNAME ""
| #define PACKAGE_VERSION ""
| #define PACKAGE_STRING ""
| #define PACKAGE_BUGREPORT ""
| #define _GNU_SOURCE 1
| #ifdef __cplusplus
| #include <stdlib.h>
| #endif
| #define STDC_HEADERS 1
| #define HAVE_SYS_TYPES_H 1
| #define HAVE_SYS_STAT_H 1
| #define HAVE_STDLIB_H 1
| #define HAVE_STRING_H 1
| #define HAVE_MEMORY_H 1
| #define HAVE_STRINGS_H 1
| #define HAVE_INTTYPES_H 1
| #define HAVE_STDINT_H 1
| #define HAVE_UNISTD_H 1
| #define HAVE_STRING_H 1
| /* end confdefs.h.  */
| 
| /* Override any gcc2 internal prototype to avoid an error.  */
| #ifdef __cplusplus
| extern "C"
| #endif
| /* We use char because int might match the return type of a gcc2
|    builtin and then its argument prototype would still apply.  */
| char getnodebyname ();
| int
| main ()
| {
| getnodebyname ();
|   ;
|   return 0;
| }
configure:3579: result: no
configure:3625: checking that g++ can handle -O2
configure:3652: gcc -c -g -O2  conftest.c >&5
configure: In function 'main':
configure:3656: error: 'error' undeclared (first use in this function)
configure:3656: error: (Each undeclared identifier is reported only once
configure:3656: error: for each function it appears in.)
configure:3660: error: expected ';' before 'int'
configure:3655: $? = 1
configure: failed program was:
| #line 3627 "configure"
| /* confdefs.h.  */
| 
| #define PACKAGE_NAME ""
| #define PACKAGE_TARNAME ""
| #define PACKAGE_VERSION ""
| #define PACKAGE_STRING ""
| #define PACKAGE_BUGREPORT ""
| #define _GNU_SOURCE 1
| #ifdef __cplusplus
| #include <stdlib.h>
| #endif
| #define STDC_HEADERS 1
| #define HAVE_SYS_TYPES_H 1
| #define HAVE_SYS_STAT_H 1
| #define HAVE_STDLIB_H 1
| #define HAVE_STRING_H 1
| #define HAVE_MEMORY_H 1
| #define HAVE_STRINGS_H 1
| #define HAVE_INTTYPES_H 1
| #define HAVE_STDINT_H 1
| #define HAVE_UNISTD_H 1
| #define HAVE_STRING_H 1
| /* end confdefs.h.  */
| 
| int
| main ()
| {
| #if __GNUC__ < 2  || __GNUC_MINOR__ < 8
| 		/* gcc */
| 		error
| 		#endif
| 		#if __GNUC_MINOR__ < 92
| 		/* egcs */
| 		int error;
| 		#endif
| 
|   ;
|   return 0;
| }
configure:3671: result: no
configure:3784: checking if C++ libraries work without any namespace
configure:3806: g++ -c -g -O2  conftest.cc >&5
configure: In function 'int main()':
configure:3815: error: 'cout' was not declared in this scope
configure:3809: $? = 1
configure: failed program was:
| #line 3787 "configure"
| /* confdefs.h.  */
| 
| #define PACKAGE_NAME ""
| #define PACKAGE_TARNAME ""
| #define PACKAGE_VERSION ""
| #define PACKAGE_STRING ""
| #define PACKAGE_BUGREPORT ""
| #define _GNU_SOURCE 1
| #ifdef __cplusplus
| #include <stdlib.h>
| #endif
| #define STDC_HEADERS 1
| #define HAVE_SYS_TYPES_H 1
| #define HAVE_SYS_STAT_H 1
| #define HAVE_STDLIB_H 1
| #define HAVE_STRING_H 1
| #define HAVE_MEMORY_H 1
| #define HAVE_STRINGS_H 1
| #define HAVE_INTTYPES_H 1
| #define HAVE_STDINT_H 1
| #define HAVE_UNISTD_H 1
| #define HAVE_STRING_H 1
| /* end confdefs.h.  */
| #include <iostream>
| 
| int
| main ()
| {
| cout.fail();
| 
|   ;
|   return 0;
| }
configure:3825: result: no
configure:3833: checking if C++ libraries work with namespace std
configure:3855: g++ -c -g -O2  conftest.cc >&5
configure:3858: $? = 0
configure:3861: test -s conftest.o
configure:3864: $? = 0
configure:3866: result: yes
configure:3883: checking if STL works without any namespace
configure:3904: g++ -c -g -O2  conftest.cc >&5
configure: In function 'int main()':
configure:3913: error: 'list' was not declared in this scope
configure:3913: error: expected primary-expression before 'int'
configure:3913: error: expected ';' before 'int'
configure:3907: $? = 1
configure: failed program was:
| #line 3885 "configure"
| /* confdefs.h.  */
| 
| #define PACKAGE_NAME ""
| #define PACKAGE_TARNAME ""
| #define PACKAGE_VERSION ""
| #define PACKAGE_STRING ""
| #define PACKAGE_BUGREPORT ""
| #define _GNU_SOURCE 1
| #ifdef __cplusplus
| #include <stdlib.h>
| #endif
| #define STDC_HEADERS 1
| #define HAVE_SYS_TYPES_H 1
| #define HAVE_SYS_STAT_H 1
| #define HAVE_STDLIB_H 1
| #define HAVE_STRING_H 1
| #define HAVE_MEMORY_H 1
| #define HAVE_STRINGS_H 1
| #define HAVE_INTTYPES_H 1
| #define HAVE_STDINT_H 1
| #define HAVE_UNISTD_H 1
| #define HAVE_STRING_H 1
| /* end confdefs.h.  */
| #include <list>
| 
| int
| main ()
| {
| list<int> test;
| 
|   ;
|   return 0;
| }
configure:3923: result: no
configure:3931: checking if STL works with namespace std
configure:3953: g++ -c -g -O2  conftest.cc >&5
configure:3956: $? = 0
configure:3959: test -s conftest.o
configure:3962: $? = 0
configure:3964: result: yes
configure:4036: checking should use STL
configure:4061: result: yes
configure:4282: checking for tcl.h
configure:4330: result: -I../include
configure:4336: checking for libtcl8.4
configure:4400: result: -L../lib -ltcl8.4
configure:4406: checking for init.tcl
configure:4445: result: ../lib/tcl8.4
configure:4462: checking for tclsh8.4.5
configure:4495: result: no
configure:4462: checking for tclsh8.4
configure:4480: found ../bin/tclsh8.4
configure:4492: result: ../bin/tclsh8.4
configure:4719: checking for tk.h
configure:4767: result: -I../include
configure:4773: checking for libtk8.4
configure:4837: result: -L../lib -ltk8.4
configure:4843: checking for tk.tcl
configure:4882: result: ../lib/tk8.4
configure:4981: checking for otcl.h
configure:5029: result: -I../otcl-1.9
configure:5035: checking for libotcl1.9
configure:5099: result: -L../otcl-1.9 -lotcl
configure:5224: checking for tclcl.h
configure:5272: result: -I../tclcl-1.16
configure:5278: checking for libtclcl
configure:5342: result: -L../tclcl-1.16 -ltclcl
configure:5348: checking for tcl2c++
configure:5387: result: ../tclcl-1.16
configure:5586: gcc -E  conftest.c
configure:5592: $? = 0
configure:5631: checking for XOpenDisplay in -lX11
configure:5662: gcc -o conftest -g -O2   conftest.c -lX11   >&5
configure:5665: $? = 0
configure:5668: test -s conftest
configure:5671: $? = 0
configure:5683: result: yes
configure:5709: checking for XShmAttach in -lXext
configure:5740: gcc -o conftest -g -O2   conftest.c -lXext -lX11  >&5
configure:5743: $? = 0
configure:5746: test -s conftest
configure:5749: $? = 0
configure:5761: result: yes
configure:5832: checking for libtcldbg
configure:5877: result: no
configure:5987: checking dmalloc
configure:5989: result: not requested with --with-dmalloc
configure:6260: checking for perl
configure:6299: result: /usr/bin
/usr/bin/perl -e require 5.002
configure:6408: checking for ANSI C header files
configure:6558: result: yes
configure:6590: checking arpa/inet.h usability
configure:6603: gcc -c -g -O2  conftest.c >&5
configure:6606: $? = 0
configure:6609: test -s conftest.o
configure:6612: $? = 0
configure:6622: result: yes
configure:6626: checking arpa/inet.h presence
configure:6637: gcc -E  conftest.c
configure:6643: $? = 0
configure:6662: result: yes
configure:6698: checking for arpa/inet.h
configure:6705: result: yes
configure:6590: checking fenv.h usability
configure:6603: gcc -c -g -O2  conftest.c >&5
configure:6606: $? = 0
configure:6609: test -s conftest.o
configure:6612: $? = 0
configure:6622: result: yes
configure:6626: checking fenv.h presence
configure:6637: gcc -E  conftest.c
configure:6643: $? = 0
configure:6662: result: yes
configure:6698: checking for fenv.h
configure:6705: result: yes
configure:6590: checking netinet/in.h usability
configure:6603: gcc -c -g -O2  conftest.c >&5
configure:6606: $? = 0
configure:6609: test -s conftest.o
configure:6612: $? = 0
configure:6622: result: yes
configure:6626: checking netinet/in.h presence
configure:6637: gcc -E  conftest.c
configure:6643: $? = 0
configure:6662: result: yes
configure:6698: checking for netinet/in.h
configure:6705: result: yes
configure:6581: checking for string.h
configure:6586: result: yes
configure:6581: checking for strings.h
configure:6586: result: yes
configure:6590: checking time.h usability
configure:6603: gcc -c -g -O2  conftest.c >&5
configure:6606: $? = 0
configure:6609: test -s conftest.o
configure:6612: $? = 0
configure:6622: result: yes
configure:6626: checking time.h presence
configure:6637: gcc -E  conftest.c
configure:6643: $? = 0
configure:6662: result: yes
configure:6698: checking for time.h
configure:6705: result: yes
configure:6581: checking for unistd.h
configure:6586: result: yes
configure:6590: checking net/ethernet.h usability
configure:6603: gcc -c -g -O2  conftest.c >&5
configure:6606: $? = 0
configure:6609: test -s conftest.o
configure:6612: $? = 0
configure:6622: result: yes
configure:6626: checking net/ethernet.h presence
configure:6637: gcc -E  conftest.c
configure:6643: $? = 0
configure:6662: result: yes
configure:6698: checking for net/ethernet.h
configure:6705: result: yes
configure:6719: checking for main in -lm
configure:6744: gcc -o conftest -g -O2   conftest.c -lm   >&5
configure:6747: $? = 0
configure:6750: test -s conftest
configure:6753: $? = 0
configure:6765: result: yes
configure:6790: checking for bcopy
configure:6840: gcc -o conftest -g -O2   conftest.c -lm  >&5
configure:6854: warning: conflicting types for built-in function 'bcopy'
configure:6843: $? = 0
configure:6846: test -s conftest
configure:6849: $? = 0
configure:6860: result: yes
configure:6790: checking for bzero
configure:6840: gcc -o conftest -g -O2   conftest.c -lm  >&5
configure:6855: warning: conflicting types for built-in function 'bzero'
configure:6843: $? = 0
configure:6846: test -s conftest
configure:6849: $? = 0
configure:6860: result: yes
configure:6790: checking for fesetprecision
configure:6840: gcc -o conftest -g -O2   conftest.c -lm  >&5
/tmp/cc2VjbJd.o: In function `main':
/home/soohyunc/USN/ns-2.28/configure:6871: undefined reference to `fesetprecision'
/tmp/cc2VjbJd.o:(.data+0x0): undefined reference to `fesetprecision'
collect2: ld returned 1 exit status
configure:6843: $? = 1
configure: failed program was:
| #line 6795 "configure"
| /* confdefs.h.  */
| 
| #define PACKAGE_NAME ""
| #define PACKAGE_TARNAME ""
| #define PACKAGE_VERSION ""
| #define PACKAGE_STRING ""
| #define PACKAGE_BUGREPORT ""
| #define _GNU_SOURCE 1
| #ifdef __cplusplus
| #include <stdlib.h>
| #endif
| #define STDC_HEADERS 1
| #define HAVE_SYS_TYPES_H 1
| #define HAVE_SYS_STAT_H 1
| #define HAVE_STDLIB_H 1
| #define HAVE_STRING_H 1
| #define HAVE_MEMORY_H 1
| #define HAVE_STRINGS_H 1
| #define HAVE_INTTYPES_H 1
| #define HAVE_STDINT_H 1
| #define HAVE_UNISTD_H 1
| #define HAVE_STRING_H 1
| #define HAVE_STL 1
| #define CPP_REQUIRES_NAMESPACE 1
| #define HAVE_TCL_H 1
| #define HAVE_LIBTCL8_4 1
| #define HAVE_TK_H 1
| #define HAVE_LIBTK8_4 1
| #define HAVE_OTCL_H 1
| #define HAVE_LIBOTCL1_9 1
| #define HAVE_TCLCL_H 1
| #define HAVE_LIBTCLCL 1
| #define STDC_HEADERS 1
| #define HAVE_ARPA_INET_H 1
| #define HAVE_FENV_H 1
| #define HAVE_NETINET_IN_H 1
| #define HAVE_STRING_H 1
| #define HAVE_STRINGS_H 1
| #define HAVE_TIME_H 1
| #define HAVE_UNISTD_H 1
| #define HAVE_NET_ETHERNET_H 1
| #define HAVE_LIBM 1
| #define HAVE_BCOPY 1
| #define HAVE_BZERO 1
| /* end confdefs.h.  */
| /* System header to define __stub macros and hopefully few prototypes,
|     which can conflict with char fesetprecision (); below.
|     Prefer <limits.h> to <assert.h> if __STDC__ is defined, since
|     <limits.h> exists even on freestanding compilers.  */
| #ifdef __STDC__
| # include <limits.h>
| #else
| # include <assert.h>
| #endif
| /* Override any gcc2 internal prototype to avoid an error.  */
| #ifdef __cplusplus
| extern "C"
| {
| #endif
| /* We use char because int might match the return type of a gcc2
|    builtin and then its argument prototype would still apply.  */
| char fesetprecision ();
| /* The GNU C library defines this for functions which it implements
|     to always fail with ENOSYS.  Some functions are actually named
|     something starting with __ and the normal name is an alias.  */
| #if defined (__stub_fesetprecision) || defined (__stub___fesetprecision)
| choke me
| #else
| char (*f) () = fesetprecision;
| #endif
| #ifdef __cplusplus
| }
| #endif
| 
| int
| main ()
| {
| return f != fesetprecision;
|   ;
|   return 0;
| }
configure:6860: result: no
configure:6790: checking for feenableexcept
configure:6840: gcc -o conftest -g -O2   conftest.c -lm  >&5
configure:6843: $? = 0
configure:6846: test -s conftest
configure:6849: $? = 0
configure:6860: result: yes
configure:6790: checking for getrusage
configure:6840: gcc -o conftest -g -O2   conftest.c -lm  >&5
configure:6843: $? = 0
configure:6846: test -s conftest
configure:6849: $? = 0
configure:6860: result: yes
configure:6790: checking for sbrk
configure:6840: gcc -o conftest -g -O2   conftest.c -lm  >&5
configure:6843: $? = 0
configure:6846: test -s conftest
configure:6849: $? = 0
configure:6860: result: yes
configure:6790: checking for snprintf
configure:6840: gcc -o conftest -g -O2   conftest.c -lm  >&5
configure:6859: warning: conflicting types for built-in function 'snprintf'
configure:6843: $? = 0
configure:6846: test -s conftest
configure:6849: $? = 0
configure:6860: result: yes
configure:6871: checking return type of random
configure:6897: gcc -o conftest -g -O2   conftest.c -lm  >&5
configure:6900: $? = 0
configure:6902: ./conftest
configure:6905: $? = 0
configure:6907: result: long
configure:6931: checking for int8_t
configure:6956: gcc -c -g -O2  conftest.c >&5
configure:6959: $? = 0
configure:6962: test -s conftest.o
configure:6965: $? = 0
configure:6976: result: yes
configure:6988: checking for int16_t
configure:7013: gcc -c -g -O2  conftest.c >&5
configure:7016: $? = 0
configure:7019: test -s conftest.o
configure:7022: $? = 0
configure:7033: result: yes
configure:7045: checking for int32_t
configure:7070: gcc -c -g -O2  conftest.c >&5
configure:7073: $? = 0
configure:7076: test -s conftest.o
configure:7079: $? = 0
configure:7090: result: yes
configure:7102: checking for u_int8_t
configure:7127: gcc -c -g -O2  conftest.c >&5
configure:7130: $? = 0
configure:7133: test -s conftest.o
configure:7136: $? = 0
configure:7147: result: yes
configure:7159: checking for u_int16_t
configure:7184: gcc -c -g -O2  conftest.c >&5
configure:7187: $? = 0
configure:7190: test -s conftest.o
configure:7193: $? = 0
configure:7204: result: yes
configure:7216: checking for u_int32_t
configure:7241: gcc -c -g -O2  conftest.c >&5
configure:7244: $? = 0
configure:7247: test -s conftest.o
configure:7250: $? = 0
configure:7261: result: yes
configure:7273: checking for u_char
configure:7298: gcc -c -g -O2  conftest.c >&5
configure:7301: $? = 0
configure:7304: test -s conftest.o
configure:7307: $? = 0
configure:7318: result: yes
configure:7330: checking for u_int
configure:7355: gcc -c -g -O2  conftest.c >&5
configure:7358: $? = 0
configure:7361: test -s conftest.o
configure:7364: $? = 0
configure:7375: result: yes
configure:7394: checking for strtoq
configure:7444: gcc -o conftest -g -O2   conftest.c -lm  >&5
configure:7447: $? = 0
configure:7450: test -s conftest
configure:7453: $? = 0
configure:7464: result: yes
configure:7394: checking for strtoll
configure:7444: gcc -o conftest -g -O2   conftest.c -lm  >&5
configure:7447: $? = 0
configure:7450: test -s conftest
configure:7453: $? = 0
configure:7464: result: yes
configure:7479: checking for long
configure:7504: gcc -c -g -O2  conftest.c >&5
configure:7507: $? = 0
configure:7510: test -s conftest.o
configure:7513: $? = 0
configure:7524: result: yes
configure:7527: checking size of long
configure:7802: gcc -o conftest -g -O2   conftest.c -lm  >&5
configure:7805: $? = 0
configure:7807: ./conftest
configure:7810: $? = 0
configure:7833: result: 8
configure:7843: checking for strtol
configure:7893: gcc -o conftest -g -O2   conftest.c -lm  >&5
configure:7896: $? = 0
configure:7899: test -s conftest
configure:7902: $? = 0
configure:7913: result: yes
configure:7918: checking for __int64_t
configure:7939: gcc -o conftest -g -O2   conftest.c -lm  >&5
configure: In function 'main':
configure:7981: error: '__int64_t' undeclared (first use in this function)
configure:7981: error: (Each undeclared identifier is reported only once
configure:7981: error: for each function it appears in.)
configure:7981: error: expected ';' before 'x'
configure:7981: warning: incompatible implicit declaration of built-in function 'exit'
configure:7981: error: 'x' undeclared (first use in this function)
configure:7942: $? = 1
configure: program exited with status 1
configure: failed program was:
| #line 7927 "configure"
| /* confdefs.h.  */
| 
| #define PACKAGE_NAME ""
| #define PACKAGE_TARNAME ""
| #define PACKAGE_VERSION ""
| #define PACKAGE_STRING ""
| #define PACKAGE_BUGREPORT ""
| #define _GNU_SOURCE 1
| #ifdef __cplusplus
| #include <stdlib.h>
| #endif
| #define STDC_HEADERS 1
| #define HAVE_SYS_TYPES_H 1
| #define HAVE_SYS_STAT_H 1
| #define HAVE_STDLIB_H 1
| #define HAVE_STRING_H 1
| #define HAVE_MEMORY_H 1
| #define HAVE_STRINGS_H 1
| #define HAVE_INTTYPES_H 1
| #define HAVE_STDINT_H 1
| #define HAVE_UNISTD_H 1
| #define HAVE_STRING_H 1
| #define HAVE_STL 1
| #define CPP_REQUIRES_NAMESPACE 1
| #define HAVE_TCL_H 1
| #define HAVE_LIBTCL8_4 1
| #define HAVE_TK_H 1
| #define HAVE_LIBTK8_4 1
| #define HAVE_OTCL_H 1
| #define HAVE_LIBOTCL1_9 1
| #define HAVE_TCLCL_H 1
| #define HAVE_LIBTCLCL 1
| #define STDC_HEADERS 1
| #define HAVE_ARPA_INET_H 1
| #define HAVE_FENV_H 1
| #define HAVE_NETINET_IN_H 1
| #define HAVE_STRING_H 1
| #define HAVE_STRINGS_H 1
| #define HAVE_TIME_H 1
| #define HAVE_UNISTD_H 1
| #define HAVE_NET_ETHERNET_H 1
| #define HAVE_LIBM 1
| #define HAVE_BCOPY 1
| #define HAVE_BZERO 1
| #define HAVE_FEENABLEEXCEPT 1
| #define HAVE_GETRUSAGE 1
| #define HAVE_SBRK 1
| #define HAVE_SNPRINTF 1
| #define RANDOM_RETURN_TYPE long
| #define HAVE_STRTOQ 1
| #define HAVE_STRTOLL 1
| #define SIZEOF_LONG 8
| /* end confdefs.h.  */
| 
| main() { __int64_t x; exit (sizeof(x) >= 8 ? 0 : 1); }
| 
configure:7961: result: no
configure:7967: checking for long long
configure:7988: gcc -o conftest -g -O2   conftest.c -lm  >&5
configure: In function 'main':
configure:8030: warning: incompatible implicit declaration of built-in function 'exit'
configure:7991: $? = 0
configure:7993: ./conftest
configure:7996: $? = 0
configure:8010: result: yes
configure:8018: checking for int64_t
configure:8045: result: yes
configure:8055: checking which kind of 64-bit int to use
configure:8067: result: int64_t
configure:8088: checking for struct ether_header
configure:8117: gcc -c -g -O2  conftest.c >&5
configure:8120: $? = 0
configure:8123: test -s conftest.o
configure:8126: $? = 0
configure:8133: result: found
configure:8148: checking for struct ether_addr
configure:8177: gcc -c -g -O2  conftest.c >&5
configure:8180: $? = 0
configure:8183: test -s conftest.o
configure:8186: $? = 0
configure:8193: result: found
configure:8212: checking for addr2ascii
configure:8262: gcc -o conftest -g -O2   conftest.c -lm  >&5
/tmp/ccwYT55p.o: In function `main':
/home/soohyunc/USN/ns-2.28/configure:8304: undefined reference to `addr2ascii'
/tmp/ccwYT55p.o:(.data+0x0): undefined reference to `addr2ascii'
collect2: ld returned 1 exit status
configure:8265: $? = 1
configure: failed program was:
| #line 8217 "configure"
| /* confdefs.h.  */
| 
| #define PACKAGE_NAME ""
| #define PACKAGE_TARNAME ""
| #define PACKAGE_VERSION ""
| #define PACKAGE_STRING ""
| #define PACKAGE_BUGREPORT ""
| #define _GNU_SOURCE 1
| #ifdef __cplusplus
| #include <stdlib.h>
| #endif
| #define STDC_HEADERS 1
| #define HAVE_SYS_TYPES_H 1
| #define HAVE_SYS_STAT_H 1
| #define HAVE_STDLIB_H 1
| #define HAVE_STRING_H 1
| #define HAVE_MEMORY_H 1
| #define HAVE_STRINGS_H 1
| #define HAVE_INTTYPES_H 1
| #define HAVE_STDINT_H 1
| #define HAVE_UNISTD_H 1
| #define HAVE_STRING_H 1
| #define HAVE_STL 1
| #define CPP_REQUIRES_NAMESPACE 1
| #define HAVE_TCL_H 1
| #define HAVE_LIBTCL8_4 1
| #define HAVE_TK_H 1
| #define HAVE_LIBTK8_4 1
| #define HAVE_OTCL_H 1
| #define HAVE_LIBOTCL1_9 1
| #define HAVE_TCLCL_H 1
| #define HAVE_LIBTCLCL 1
| #define STDC_HEADERS 1
| #define HAVE_ARPA_INET_H 1
| #define HAVE_FENV_H 1
| #define HAVE_NETINET_IN_H 1
| #define HAVE_STRING_H 1
| #define HAVE_STRINGS_H 1
| #define HAVE_TIME_H 1
| #define HAVE_UNISTD_H 1
| #define HAVE_NET_ETHERNET_H 1
| #define HAVE_LIBM 1
| #define HAVE_BCOPY 1
| #define HAVE_BZERO 1
| #define HAVE_FEENABLEEXCEPT 1
| #define HAVE_GETRUSAGE 1
| #define HAVE_SBRK 1
| #define HAVE_SNPRINTF 1
| #define RANDOM_RETURN_TYPE long
| #define HAVE_STRTOQ 1
| #define HAVE_STRTOLL 1
| #define SIZEOF_LONG 8
| #define HAVE_INT64 1
| #define HAVE_ETHER_HEADER_STRUCT 1
| #define HAVE_ETHER_ADDRESS_STRUCT 1
| /* end confdefs.h.  */
| /* System header to define __stub macros and hopefully few prototypes,
|     which can conflict with char addr2ascii (); below.
|     Prefer <limits.h> to <assert.h> if __STDC__ is defined, since
|     <limits.h> exists even on freestanding compilers.  */
| #ifdef __STDC__
| # include <limits.h>
| #else
| # include <assert.h>
| #endif
| /* Override any gcc2 internal prototype to avoid an error.  */
| #ifdef __cplusplus
| extern "C"
| {
| #endif
| /* We use char because int might match the return type of a gcc2
|    builtin and then its argument prototype would still apply.  */
| char addr2ascii ();
| /* The GNU C library defines this for functions which it implements
|     to always fail with ENOSYS.  Some functions are actually named
|     something starting with __ and the normal name is an alias.  */
| #if defined (__stub_addr2ascii) || defined (__stub___addr2ascii)
| choke me
| #else
| char (*f) () = addr2ascii;
| #endif
| #ifdef __cplusplus
| }
| #endif
| 
| int
| main ()
| {
| return f != addr2ascii;
|   ;
|   return 0;
| }
configure:8282: result: no
configure:8314: gcc -o conftest -g -O2   conftest.c -lm  >&5
configure:8317: $? = 0
configure:8319: ./conftest
configure:8322: $? = 0
configure:8340: checking for Linux compliant tcphdr
configure:8370: gcc -c -g -O2  conftest.c >&5
configure:8373: $? = 0
configure:8376: test -s conftest.o
configure:8379: $? = 0
configure:8383: result: found
configure:8398: checking for BSD compliant tcphdr
configure:8428: gcc -c -g -O2  conftest.c >&5
configure: In function 'main':
configure:8468: error: 'struct tcphdr' has no member named 'th_sport'
configure:8431: $? = 1
configure: failed program was:
| #line 8400 "configure"
| /* confdefs.h.  */
| 
| #define PACKAGE_NAME ""
| #define PACKAGE_TARNAME ""
| #define PACKAGE_VERSION ""
| #define PACKAGE_STRING ""
| #define PACKAGE_BUGREPORT ""
| #define _GNU_SOURCE 1
| #ifdef __cplusplus
| #include <stdlib.h>
| #endif
| #define STDC_HEADERS 1
| #define HAVE_SYS_TYPES_H 1
| #define HAVE_SYS_STAT_H 1
| #define HAVE_STDLIB_H 1
| #define HAVE_STRING_H 1
| #define HAVE_MEMORY_H 1
| #define HAVE_STRINGS_H 1
| #define HAVE_INTTYPES_H 1
| #define HAVE_STDINT_H 1
| #define HAVE_UNISTD_H 1
| #define HAVE_STRING_H 1
| #define HAVE_STL 1
| #define CPP_REQUIRES_NAMESPACE 1
| #define HAVE_TCL_H 1
| #define HAVE_LIBTCL8_4 1
| #define HAVE_TK_H 1
| #define HAVE_LIBTK8_4 1
| #define HAVE_OTCL_H 1
| #define HAVE_LIBOTCL1_9 1
| #define HAVE_TCLCL_H 1
| #define HAVE_LIBTCLCL 1
| #define STDC_HEADERS 1
| #define HAVE_ARPA_INET_H 1
| #define HAVE_FENV_H 1
| #define HAVE_NETINET_IN_H 1
| #define HAVE_STRING_H 1
| #define HAVE_STRINGS_H 1
| #define HAVE_TIME_H 1
| #define HAVE_UNISTD_H 1
| #define HAVE_NET_ETHERNET_H 1
| #define HAVE_LIBM 1
| #define HAVE_BCOPY 1
| #define HAVE_BZERO 1
| #define HAVE_FEENABLEEXCEPT 1
| #define HAVE_GETRUSAGE 1
| #define HAVE_SBRK 1
| #define HAVE_SNPRINTF 1
| #define RANDOM_RETURN_TYPE long
| #define HAVE_STRTOQ 1
| #define HAVE_STRTOLL 1
| #define SIZEOF_LONG 8
| #define HAVE_INT64 1
| #define HAVE_ETHER_HEADER_STRUCT 1
| #define HAVE_ETHER_ADDRESS_STRUCT 1
| #define HAVE_SIOCGIFHWADDR 1
| /* end confdefs.h.  */
| 
| #include <stdio.h>
| #include <netinet/tcp.h>
| 
| int
| main ()
| {
| 
| int main()
| {
| 	struct tcphdr *tcp;
| 	tcp->th_sport= 1;
| 
| 	return 0;
| }
| 
|   ;
|   return 0;
| }
configure:8449: result: not found
configure:8455: checking for socklen_t
configure:8479: gcc -c -g -O2  conftest.c >&5
configure:8482: $? = 0
configure:8485: test -s conftest.o
configure:8488: $? = 0
configure:8500: result: yes
configure:8513: checking for main in -lpcap
configure:8538: gcc -o conftest -g -O2   conftest.c -lpcap  -lm  >&5
/usr/bin/ld: cannot find -lpcap
collect2: ld returned 1 exit status
configure:8541: $? = 1
configure: failed program was:
| #line 8520 "configure"
| /* confdefs.h.  */
| 
| #define PACKAGE_NAME ""
| #define PACKAGE_TARNAME ""
| #define PACKAGE_VERSION ""
| #define PACKAGE_STRING ""
| #define PACKAGE_BUGREPORT ""
| #define _GNU_SOURCE 1
| #ifdef __cplusplus
| #include <stdlib.h>
| #endif
| #define STDC_HEADERS 1
| #define HAVE_SYS_TYPES_H 1
| #define HAVE_SYS_STAT_H 1
| #define HAVE_STDLIB_H 1
| #define HAVE_STRING_H 1
| #define HAVE_MEMORY_H 1
| #define HAVE_STRINGS_H 1
| #define HAVE_INTTYPES_H 1
| #define HAVE_STDINT_H 1
| #define HAVE_UNISTD_H 1
| #define HAVE_STRING_H 1
| #define HAVE_STL 1
| #define CPP_REQUIRES_NAMESPACE 1
| #define HAVE_TCL_H 1
| #define HAVE_LIBTCL8_4 1
| #define HAVE_TK_H 1
| #define HAVE_LIBTK8_4 1
| #define HAVE_OTCL_H 1
| #define HAVE_LIBOTCL1_9 1
| #define HAVE_TCLCL_H 1
| #define HAVE_LIBTCLCL 1
| #define STDC_HEADERS 1
| #define HAVE_ARPA_INET_H 1
| #define HAVE_FENV_H 1
| #define HAVE_NETINET_IN_H 1
| #define HAVE_STRING_H 1
| #define HAVE_STRINGS_H 1
| #define HAVE_TIME_H 1
| #define HAVE_UNISTD_H 1
| #define HAVE_NET_ETHERNET_H 1
| #define HAVE_LIBM 1
| #define HAVE_BCOPY 1
| #define HAVE_BZERO 1
| #define HAVE_FEENABLEEXCEPT 1
| #define HAVE_GETRUSAGE 1
| #define HAVE_SBRK 1
| #define HAVE_SNPRINTF 1
| #define RANDOM_RETURN_TYPE long
| #define HAVE_STRTOQ 1
| #define HAVE_STRTOLL 1
| #define SIZEOF_LONG 8
| #define HAVE_INT64 1
| #define HAVE_ETHER_HEADER_STRUCT 1
| #define HAVE_ETHER_ADDRESS_STRUCT 1
| #define HAVE_SIOCGIFHWADDR 1
| #define HAVE_SOCKLEN_T 1
| /* end confdefs.h.  */
| 
| 
| int
| main ()
| {
| main ();
|   ;
|   return 0;
| }
configure:8559: result: no
configure:8568: checking to make nse
configure:8576: result: no
configure:8624: checking for dlopen in -ldl
configure:8655: gcc -o conftest -g -O2   conftest.c -ldl  -lm  >&5
configure:8658: $? = 0
configure:8661: test -s conftest
configure:8664: $? = 0
configure:8676: result: yes
configure:8857: checking for a BSD-compatible install
configure:8911: result: /usr/bin/install -c
configure:9020: creating ./config.status

## ---------------------- ##
## Running config.status. ##
## ---------------------- ##

This file was extended by config.status, which was
generated by GNU Autoconf 2.57.  Invocation command line was

  CONFIG_FILES    = 
  CONFIG_HEADERS  = 
  CONFIG_LINKS    = 
  CONFIG_COMMANDS = 
  $ ./config.status 

on corona

config.status:673: creating Makefile
config.status:673: creating tcl/lib/ns-autoconf.tcl
config.status:673: creating indep-utils/webtrace-conv/ucb/Makefile
config.status:673: creating indep-utils/webtrace-conv/dec/Makefile
config.status:673: creating indep-utils/webtrace-conv/nlanr/Makefile
config.status:673: creating indep-utils/webtrace-conv/epa/Makefile
config.status:673: creating indep-utils/cmu-scen-gen/setdest/Makefile
config.status:777: creating autoconf.h

## ---------------- ##
## Cache variables. ##
## ---------------- ##

ac_cv_build=x86_64-unknown-linux-gnu
ac_cv_build_alias=x86_64-unknown-linux-gnu
ac_cv_c_compiler_gnu=yes
ac_cv_cxx_compiler_gnu=yes
ac_cv_env_CC_set=
ac_cv_env_CC_value=
ac_cv_env_CFLAGS_set=
ac_cv_env_CFLAGS_value=
ac_cv_env_CPPFLAGS_set=
ac_cv_env_CPPFLAGS_value=
ac_cv_env_CPP_set=
ac_cv_env_CPP_value=
ac_cv_env_CXXFLAGS_set=
ac_cv_env_CXXFLAGS_value=
ac_cv_env_CXX_set=
ac_cv_env_CXX_value=
ac_cv_env_LDFLAGS_set=
ac_cv_env_LDFLAGS_value=
ac_cv_env_build_alias_set=
ac_cv_env_build_alias_value=
ac_cv_env_host_alias_set=
ac_cv_env_host_alias_value=
ac_cv_env_target_alias_set=
ac_cv_env_target_alias_value=
ac_cv_exeext=
ac_cv_func_addr2ascii=no
ac_cv_func_bcopy=yes
ac_cv_func_bzero=yes
ac_cv_func_feenableexcept=yes
ac_cv_func_fesetprecision=no
ac_cv_func_getrusage=yes
ac_cv_func_sbrk=yes
ac_cv_func_snprintf=yes
ac_cv_func_strtol=yes
ac_cv_func_strtoll=yes
ac_cv_func_strtoq=yes
ac_cv_header_arpa_inet_h=yes
ac_cv_header_fenv_h=yes
ac_cv_header_inttypes_h=yes
ac_cv_header_memory_h=yes
ac_cv_header_net_ethernet_h=yes
ac_cv_header_netinet_in_h=yes
ac_cv_header_stdc=yes
ac_cv_header_stdint_h=yes
ac_cv_header_stdlib_h=yes
ac_cv_header_string_h=yes
ac_cv_header_strings_h=yes
ac_cv_header_sys_stat_h=yes
ac_cv_header_sys_types_h=yes
ac_cv_header_time_h=yes
ac_cv_header_unistd_h=yes
ac_cv_host=x86_64-unknown-linux-gnu
ac_cv_host_alias=x86_64-unknown-linux-gnu
ac_cv_lib_X11_XOpenDisplay=yes
ac_cv_lib_Xbsd_main=no
ac_cv_lib_Xext_XShmAttach=yes
ac_cv_lib_dl_dlopen=yes
ac_cv_lib_dnet_stub_getnodebyname=no
ac_cv_lib_intl_dcgettext=no
ac_cv_lib_m_main=yes
ac_cv_lib_nsl_gethostbyname=yes
ac_cv_lib_pcap_main=no
ac_cv_lib_socket_socket=no
ac_cv_objext=o
ac_cv_path_V_TCLSH=../bin/tclsh8.4
ac_cv_path_install='/usr/bin/install -c'
ac_cv_prog_CPP='gcc -E'
ac_cv_prog_ac_ct_CC=gcc
ac_cv_prog_ac_ct_CXX=g++
ac_cv_prog_cc_g=yes
ac_cv_prog_cc_stdc=
ac_cv_prog_cxx_g=yes
ac_cv_prog_egrep='grep -E'
ac_cv_sizeof_long=8
ac_cv_target=x86_64-unknown-linux-gnu
ac_cv_target_alias=x86_64-unknown-linux-gnu
ac_cv_type_int16_t=yes
ac_cv_type_int32_t=yes
ac_cv_type_int64_t=yes
ac_cv_type_int8_t=yes
ac_cv_type_long=yes
ac_cv_type_socklen_t=yes
ac_cv_type_u_char=yes
ac_cv_type_u_int=yes
ac_cv_type_u_int16_t=yes
ac_cv_type_u_int32_t=yes
ac_cv_type_u_int8_t=yes

## ----------------- ##
## Output variables. ##
## ----------------- ##

CC='gcc'
CFLAGS='-g -O2'
CPP='gcc -E'
CPPFLAGS=''
CPP_NAMESPACE='std'
CXX='g++'
CXXFLAGS='-g -O2'
DEFS='-DHAVE_CONFIG_H'
ECHO_C=''
ECHO_N='-n'
ECHO_T=''
EGREP='grep -E'
EXEEXT=''
INSTALL_DATA='${INSTALL} -m 644'
INSTALL_PROGRAM='${INSTALL}'
INSTALL_SCRIPT='${INSTALL}'
LDFLAGS=''
LIBOBJS=''
LIBS='-lm '
LTLIBOBJS=''
OBJEXT='o'
PACKAGE_BUGREPORT=''
PACKAGE_NAME=''
PACKAGE_STRING=''
PACKAGE_TARNAME=''
PACKAGE_VERSION=''
PATH_SEPARATOR=':'
PERL='/usr/bin/perl'
SHELL='/bin/bash'
V_ALL=''
V_AR='ar cr'
V_BROKEN_OBJ=''
V_CCOPT=''
V_DEFINE='-DTCLCL_CLASSINSTVAR  -DNDEBUG -DLINUX_TCP_HEADER -DUSE_SHM'
V_DEFINES='-DHAVE_LIBTCLCL -DHAVE_TCLCL_H -DHAVE_LIBOTCL1_9 -DHAVE_OTCL_H -DHAVE_LIBTK8_4 -DHAVE_TK_H -DHAVE_LIBTCL8_4 -DHAVE_TCL_H '
V_INCLUDE=''
V_INCLUDES='-I/home/soohyunc/USN/tclcl-1.16 -I/home/soohyunc/USN/otcl-1.9 -I/home/soohyunc/USN/include -I/home/soohyunc/USN/include -I/usr/include/pcap'
V_INCLUDE_X11=''
V_LIB=' -lnsl -ldl'
V_LIBRARY_TCL='../lib/tcl8.4'
V_LIBRARY_TK='../lib/tk8.4'
V_LIBS='-L/home/soohyunc/USN/tclcl-1.16 -ltclcl -L/home/soohyunc/USN/otcl-1.9 -lotcl -L/home/soohyunc/USN/lib -ltk8.4 -L/home/soohyunc/USN/lib -ltcl8.4'
V_LIB_OTCL='-L/home/soohyunc/USN/otcl-1.9 -lotcl'
V_LIB_TCL='-L/home/soohyunc/USN/lib -ltcl8.4'
V_LIB_TCLCL='-L/home/soohyunc/USN/tclcl-1.16 -ltclcl'
V_LIB_TK='-L/home/soohyunc/USN/lib -ltk8.4'
V_LIB_X11='-lXext -lX11'
V_LSSCRIPT=''
V_NS_TCL_LIB_STL='$(NS_TCL_LIB_STL)'
V_OBJ=''
V_OBJ_CRYPT=''
V_RANLIB='ranlib'
V_SHELL=''
V_SIGRET='void'
V_STATIC=''
V_STLOBJ='$(OBJ_STL)'
V_TARCMD='tar cfh'
V_TAR_EXTRA=''
V_TAR_TARGET='linux-gnu'
V_TCL2CPP='../tclcl-1.16/tcl2c++'
V_TCLSH='/home/soohyunc/USN/bin/tclsh8.4'
V_TCL_LIBRARY_FILES='$(TCL_84_LIBRARY_FILES)'
V_TKDOSNAMES='$(LIBRARY_TK)/optMenu.tcl $(LIBRARY_TK)/scrlbar.tcl'
ac_ct_CC='gcc'
ac_ct_CXX='g++'
bindir='${exec_prefix}/bin'
build='x86_64-unknown-linux-gnu'
build_alias=''
build_cpu='x86_64'
build_nse=''
build_os='linux-gnu'
build_vendor='unknown'
datadir='${prefix}/share'
exec_prefix='${prefix}'
host='x86_64-unknown-linux-gnu'
host_alias=''
host_cpu='x86_64'
host_os='linux-gnu'
host_vendor='unknown'
includedir='${prefix}/include'
infodir='${prefix}/info'
libdir='${exec_prefix}/lib'
libexecdir='${exec_prefix}/libexec'
localstatedir='${prefix}/var'
mandir='${prefix}/man'
oldincludedir='/usr/include'
prefix='/usr/local'
program_transform_name='s,x,x,'
sbindir='${exec_prefix}/sbin'
sharedstatedir='${prefix}/com'
sysconfdir='${prefix}/etc'
target='x86_64-unknown-linux-gnu'
target_alias=''
target_cpu='x86_64'
target_os='linux-gnu'
target_vendor='unknown'

## ----------- ##
## confdefs.h. ##
## ----------- ##

#define CPP_REQUIRES_NAMESPACE 1
#define HAVE_ARPA_INET_H 1
#define HAVE_BCOPY 1
#define HAVE_BZERO 1
#define HAVE_ETHER_ADDRESS_STRUCT 1
#define HAVE_ETHER_HEADER_STRUCT 1
#define HAVE_FEENABLEEXCEPT 1
#define HAVE_FENV_H 1
#define HAVE_GETRUSAGE 1
#define HAVE_INT64 1
#define HAVE_INTTYPES_H 1
#define HAVE_LIBM 1
#define HAVE_LIBOTCL1_9 1
#define HAVE_LIBTCL8_4 1
#define HAVE_LIBTCLCL 1
#define HAVE_LIBTK8_4 1
#define HAVE_MEMORY_H 1
#define HAVE_NETINET_IN_H 1
#define HAVE_NET_ETHERNET_H 1
#define HAVE_OTCL_H 1
#define HAVE_SBRK 1
#define HAVE_SIOCGIFHWADDR 1
#define HAVE_SNPRINTF 1
#define HAVE_SOCKLEN_T 1
#define HAVE_STDINT_H 1
#define HAVE_STDLIB_H 1
#define HAVE_STL 1
#define HAVE_STRINGS_H 1
#define HAVE_STRINGS_H 1
#define HAVE_STRING_H 1
#define HAVE_STRING_H 1
#define HAVE_STRING_H 1
#define HAVE_STRTOLL 1
#define HAVE_STRTOQ 1
#define HAVE_SYS_STAT_H 1
#define HAVE_SYS_TYPES_H 1
#define HAVE_TCLCL_H 1
#define HAVE_TCL_H 1
#define HAVE_TIME_H 1
#define HAVE_TK_H 1
#define HAVE_UNISTD_H 1
#define HAVE_UNISTD_H 1
#define PACKAGE_BUGREPORT ""
#define PACKAGE_NAME ""
#define PACKAGE_STRING ""
#define PACKAGE_TARNAME ""
#define PACKAGE_VERSION ""
#define RANDOM_RETURN_TYPE long
#define SIZEOF_LONG 8
#define STDC_HEADERS 1
#define STDC_HEADERS 1
#define _GNU_SOURCE 1
#endif
#ifdef __cplusplus
#include <stdlib.h>

configure: exit 0
