This file contains any messages produced by compilers while
running configure, to aid debugging if configure makes a mistake.

It was created by configure, which was
generated by GNU Autoconf 2.57.  Invocation command line was

  $ ./configure 

## --------- ##
## Platform. ##
## --------- ##

hostname = corona
uname -m = x86_64
uname -r = 2.6.31-14-server
uname -s = Linux
uname -v = #48-Ubuntu SMP Fri Oct 16 15:07:34 UTC 2009

/usr/bin/uname -p = unknown
/bin/uname -X     = unknown

/bin/arch              = unknown
/usr/bin/arch -k       = unknown
/usr/convex/getsysinfo = unknown
hostinfo               = unknown
/bin/machine           = unknown
/usr/bin/oslevel       = unknown
/bin/universe          = unknown

PATH: /home/soohyunc/USN/tcl8.4.5/unix
PATH: /home/soohyunc/USN/tk8.4.5/unix
PATH: /home/soohyunc/USN/bin
PATH: /home/soohyunc/bin
PATH: /usr/local/bin
PATH: /usr/local/sbin
PATH: /sbin
PATH: /usr/sbin
PATH: /bin
PATH: /usr/bin
PATH: /usr/bin/X11
PATH: /usr/games
PATH: /home/soohyunc/TFWC/bin
PATH: /home/soohyunc/TFWC/tcl8.4.5/unix
PATH: /home/soohyunc/TFWC/tk8.4.5/unix


## ----------- ##
## Core tests. ##
## ----------- ##

configure:1391: checking build system type
configure:1409: result: x86_64-unknown-linux-gnu
configure:1417: checking host system type
configure:1431: result: x86_64-unknown-linux-gnu
configure:1439: checking target system type
configure:1453: result: x86_64-unknown-linux-gnu
configure:1514: checking for gcc
configure:1530: found /usr/bin/gcc
configure:1540: result: gcc
configure:1784: checking for C compiler version
configure:1787: gcc --version </dev/null >&5
gcc (Ubuntu 4.4.1-4ubuntu8) 4.4.1
Copyright (C) 2009 Free Software Foundation, Inc.
This is free software; see the source for copying conditions.  There is NO
warranty; not even for MERCHANTABILITY or FITNESS FOR A PARTICULAR PURPOSE.

configure:1790: $? = 0
configure:1792: gcc -v </dev/null >&5
Using built-in specs.
Target: x86_64-linux-gnu
Configured with: ../src/configure -v --with-pkgversion='Ubuntu 4.4.1-4ubuntu8' --with-bugurl=file:///usr/share/doc/gcc-4.4/README.Bugs --enable-languages=c,c++,fortran,objc,obj-c++ --prefix=/usr --enable-shared --enable-multiarch --enable-linker-build-id --with-system-zlib --libexecdir=/usr/lib --without-included-gettext --enable-threads=posix --with-gxx-include-dir=/usr/include/c++/4.4 --program-suffix=-4.4 --enable-nls --enable-clocale=gnu --enable-libstdcxx-debug --enable-objc-gc --disable-werror --with-arch-32=i486 --with-tune=generic --enable-checking=release --build=x86_64-linux-gnu --host=x86_64-linux-gnu --target=x86_64-linux-gnu
Thread model: posix
gcc version 4.4.1 (Ubuntu 4.4.1-4ubuntu8) 
configure:1795: $? = 0
configure:1797: gcc -V </dev/null >&5
gcc: '-V' option must have argument
configure:1800: $? = 1
configure:1824: checking for C compiler default output
configure:1827: gcc    conftest.c  >&5
configure:1830: $? = 0
configure:1876: result: a.out
configure:1881: checking whether the C compiler works
configure:1887: ./a.out
configure:1890: $? = 0
configure:1907: result: yes
configure:1914: checking whether we are cross compiling
configure:1916: result: no
configure:1919: checking for suffix of executables
configure:1921: gcc -o conftest    conftest.c  >&5
configure:1924: $? = 0
configure:1949: result: 
configure:1955: checking for suffix of object files
configure:1977: gcc -c   conftest.c >&5
configure:1980: $? = 0
configure:2002: result: o
configure:2006: checking whether we are using the GNU C compiler
configure:2031: gcc -c   conftest.c >&5
configure:2034: $? = 0
configure:2037: test -s conftest.o
configure:2040: $? = 0
configure:2053: result: yes
configure:2059: checking whether gcc accepts -g
configure:2081: gcc -c -g  conftest.c >&5
configure:2084: $? = 0
configure:2087: test -s conftest.o
configure:2090: $? = 0
configure:2101: result: yes
configure:2118: checking for gcc option to accept ANSI C
configure:2179: gcc  -c -g -O2  conftest.c >&5
configure:2182: $? = 0
configure:2185: test -s conftest.o
configure:2188: $? = 0
configure:2206: result: none needed
configure:2224: gcc -c -g -O2  conftest.c >&5
conftest.c:2: error: expected '=', ',', ';', 'asm' or '__attribute__' before 'me'
configure:2227: $? = 1
configure: failed program was:
| #ifndef __cplusplus
|   choke me
| #endif
configure:2388: checking for g++
configure:2404: found /usr/bin/g++
configure:2414: result: g++
configure:2430: checking for C++ compiler version
configure:2433: g++ --version </dev/null >&5
g++ (Ubuntu 4.4.1-4ubuntu8) 4.4.1
Copyright (C) 2009 Free Software Foundation, Inc.
This is free software; see the source for copying conditions.  There is NO
warranty; not even for MERCHANTABILITY or FITNESS FOR A PARTICULAR PURPOSE.

configure:2436: $? = 0
configure:2438: g++ -v </dev/null >&5
Using built-in specs.
Target: x86_64-linux-gnu
Configured with: ../src/configure -v --with-pkgversion='Ubuntu 4.4.1-4ubuntu8' --with-bugurl=file:///usr/share/doc/gcc-4.4/README.Bugs --enable-languages=c,c++,fortran,objc,obj-c++ --prefix=/usr --enable-shared --enable-multiarch --enable-linker-build-id --with-system-zlib --libexecdir=/usr/lib --without-included-gettext --enable-threads=posix --with-gxx-include-dir=/usr/include/c++/4.4 --program-suffix=-4.4 --enable-nls --enable-clocale=gnu --enable-libstdcxx-debug --enable-objc-gc --disable-werror --with-arch-32=i486 --with-tune=generic --enable-checking=release --build=x86_64-linux-gnu --host=x86_64-linux-gnu --target=x86_64-linux-gnu
Thread model: posix
gcc version 4.4.1 (Ubuntu 4.4.1-4ubuntu8) 
configure:2441: $? = 0
configure:2443: g++ -V </dev/null >&5
g++: '-V' option must have argument
configure:2446: $? = 1
configure:2449: checking whether we are using the GNU C++ compiler
configure:2474: g++ -c   conftest.cc >&5
configure:2477: $? = 0
configure:2480: test -s conftest.o
configure:2483: $? = 0
configure:2496: result: yes
configure:2502: checking whether g++ accepts -g
configure:2524: g++ -c -g  conftest.cc >&5
configure:2527: $? = 0
configure:2530: test -s conftest.o
configure:2533: $? = 0
configure:2544: result: yes
configure:2588: g++ -c -g -O2  conftest.cc >&5
configure:2591: $? = 0
configure:2594: test -s conftest.o
configure:2597: $? = 0
configure:2624: g++ -c -g -O2  conftest.cc >&5
configure: In function 'int main()':
configure:2619: error: 'exit' was not declared in this scope
configure:2627: $? = 1
configure: failed program was:
| #line 2607 "configure"
| /* confdefs.h.  */
| 
| #define PACKAGE_NAME ""
| #define PACKAGE_TARNAME ""
| #define PACKAGE_VERSION ""
| #define PACKAGE_STRING ""
| #define PACKAGE_BUGREPORT ""
| /* end confdefs.h.  */
| 
| int
| main ()
| {
| exit (42);
|   ;
|   return 0;
| }
configure:2588: g++ -c -g -O2  conftest.cc >&5
configure:2591: $? = 0
configure:2594: test -s conftest.o
configure:2597: $? = 0
configure:2624: g++ -c -g -O2  conftest.cc >&5
configure:2627: $? = 0
configure:2630: test -s conftest.o
configure:2633: $? = 0
configure:2662: checking how to run the C preprocessor
configure:2698: gcc -E  conftest.c
configure:2704: $? = 0
configure:2736: gcc -E  conftest.c
configure:2738:28: error: ac_nonexistent.h: No such file or directory
configure:2742: $? = 1
configure: failed program was:
| #line 2727 "configure"
| /* confdefs.h.  */
| 
| #define PACKAGE_NAME ""
| #define PACKAGE_TARNAME ""
| #define PACKAGE_VERSION ""
| #define PACKAGE_STRING ""
| #define PACKAGE_BUGREPORT ""
| #ifdef __cplusplus
| #include <stdlib.h>
| #endif
| /* end confdefs.h.  */
| #include <ac_nonexistent.h>
configure:2780: result: gcc -E
configure:2805: gcc -E  conftest.c
configure:2811: $? = 0
configure:2843: gcc -E  conftest.c
configure:2845:28: error: ac_nonexistent.h: No such file or directory
configure:2849: $? = 1
configure: failed program was:
| #line 2834 "configure"
| /* confdefs.h.  */
| 
| #define PACKAGE_NAME ""
| #define PACKAGE_TARNAME ""
| #define PACKAGE_VERSION ""
| #define PACKAGE_STRING ""
| #define PACKAGE_BUGREPORT ""
| #ifdef __cplusplus
| #include <stdlib.h>
| #endif
| /* end confdefs.h.  */
| #include <ac_nonexistent.h>
configure:2892: checking for egrep
configure:2902: result: grep -E
configure:2907: checking for ANSI C header files
configure:2933: gcc -c -g -O2  conftest.c >&5
configure:2936: $? = 0
configure:2939: test -s conftest.o
configure:2942: $? = 0
configure:3034: gcc -o conftest -g -O2   conftest.c  >&5
configure: In function 'main':
configure:3030: warning: incompatible implicit declaration of built-in function 'exit'
configure:3037: $? = 0
configure:3039: ./conftest
configure:3042: $? = 0
configure:3057: result: yes
configure:3081: checking for sys/types.h
configure:3098: gcc -c -g -O2  conftest.c >&5
configure:3101: $? = 0
configure:3104: test -s conftest.o
configure:3107: $? = 0
configure:3118: result: yes
configure:3081: checking for sys/stat.h
configure:3098: gcc -c -g -O2  conftest.c >&5
configure:3101: $? = 0
configure:3104: test -s conftest.o
configure:3107: $? = 0
configure:3118: result: yes
configure:3081: checking for stdlib.h
configure:3098: gcc -c -g -O2  conftest.c >&5
configure:3101: $? = 0
configure:3104: test -s conftest.o
configure:3107: $? = 0
configure:3118: result: yes
configure:3081: checking for string.h
configure:3098: gcc -c -g -O2  conftest.c >&5
configure:3101: $? = 0
configure:3104: test -s conftest.o
configure:3107: $? = 0
configure:3118: result: yes
configure:3081: checking for memory.h
configure:3098: gcc -c -g -O2  conftest.c >&5
configure:3101: $? = 0
configure:3104: test -s conftest.o
configure:3107: $? = 0
configure:3118: result: yes
configure:3081: checking for strings.h
configure:3098: gcc -c -g -O2  conftest.c >&5
configure:3101: $? = 0
configure:3104: test -s conftest.o
configure:3107: $? = 0
configure:3118: result: yes
configure:3081: checking for inttypes.h
configure:3098: gcc -c -g -O2  conftest.c >&5
configure:3101: $? = 0
configure:3104: test -s conftest.o
configure:3107: $? = 0
configure:3118: result: yes
configure:3081: checking for stdint.h
configure:3098: gcc -c -g -O2  conftest.c >&5
configure:3101: $? = 0
configure:3104: test -s conftest.o
configure:3107: $? = 0
configure:3118: result: yes
configure:3081: checking for unistd.h
configure:3098: gcc -c -g -O2  conftest.c >&5
configure:3101: $? = 0
configure:3104: test -s conftest.o
configure:3107: $? = 0
configure:3118: result: yes
configure:3135: checking for string.h
configure:3140: result: yes
configure:3282: checking for main in -lXbsd
configure:3307: gcc -o conftest -g -O2   conftest.c -lXbsd   >&5
/usr/bin/ld: cannot find -lXbsd
collect2: ld returned 1 exit status
configure:3310: $? = 1
configure: failed program was:
| #line 3289 "configure"
| /* confdefs.h.  */
| 
| #define PACKAGE_NAME ""
| #define PACKAGE_TARNAME ""
| #define PACKAGE_VERSION ""
| #define PACKAGE_STRING ""
| #define PACKAGE_BUGREPORT ""
| #ifdef __cplusplus
| #include <stdlib.h>
| #endif
| #define STDC_HEADERS 1
| #define HAVE_SYS_TYPES_H 1
| #define HAVE_SYS_STAT_H 1
| #define HAVE_STDLIB_H 1
| #define HAVE_STRING_H 1
| #define HAVE_MEMORY_H 1
| #define HAVE_STRINGS_H 1
| #define HAVE_INTTYPES_H 1
| #define HAVE_STDINT_H 1
| #define HAVE_UNISTD_H 1
| #define HAVE_STRING_H 1
| /* end confdefs.h.  */
| 
| 
| int
| main ()
| {
| main ();
|   ;
|   return 0;
| }
configure:3328: result: no
configure:3334: checking for socket in -lsocket
configure:3365: gcc -o conftest -g -O2   conftest.c -lsocket   >&5
/usr/bin/ld: cannot find -lsocket
collect2: ld returned 1 exit status
configure:3368: $? = 1
configure: failed program was:
| #line 3341 "configure"
| /* confdefs.h.  */
| 
| #define PACKAGE_NAME ""
| #define PACKAGE_TARNAME ""
| #define PACKAGE_VERSION ""
| #define PACKAGE_STRING ""
| #define PACKAGE_BUGREPORT ""
| #ifdef __cplusplus
| #include <stdlib.h>
| #endif
| #define STDC_HEADERS 1
| #define HAVE_SYS_TYPES_H 1
| #define HAVE_SYS_STAT_H 1
| #define HAVE_STDLIB_H 1
| #define HAVE_STRING_H 1
| #define HAVE_MEMORY_H 1
| #define HAVE_STRINGS_H 1
| #define HAVE_INTTYPES_H 1
| #define HAVE_STDINT_H 1
| #define HAVE_UNISTD_H 1
| #define HAVE_STRING_H 1
| /* end confdefs.h.  */
| 
| /* Override any gcc2 internal prototype to avoid an error.  */
| #ifdef __cplusplus
| extern "C"
| #endif
| /* We use char because int might match the return type of a gcc2
|    builtin and then its argument prototype would still apply.  */
| char socket ();
| int
| main ()
| {
| socket ();
|   ;
|   return 0;
| }
configure:3386: result: no
configure:3392: checking for gethostbyname in -lnsl
configure:3423: gcc -o conftest -g -O2   conftest.c -lnsl   >&5
configure:3426: $? = 0
configure:3429: test -s conftest
configure:3432: $? = 0
configure:3444: result: yes
configure:3450: checking for dcgettext in -lintl
configure:3481: gcc -o conftest -g -O2   conftest.c -lintl   >&5
configure:3486: warning: conflicting types for built-in function 'dcgettext'
/usr/bin/ld: cannot find -lintl
collect2: ld returned 1 exit status
configure:3484: $? = 1
configure: failed program was:
| #line 3457 "configure"
| /* confdefs.h.  */
| 
| #define PACKAGE_NAME ""
| #define PACKAGE_TARNAME ""
| #define PACKAGE_VERSION ""
| #define PACKAGE_STRING ""
| #define PACKAGE_BUGREPORT ""
| #ifdef __cplusplus
| #include <stdlib.h>
| #endif
| #define STDC_HEADERS 1
| #define HAVE_SYS_TYPES_H 1
| #define HAVE_SYS_STAT_H 1
| #define HAVE_STDLIB_H 1
| #define HAVE_STRING_H 1
| #define HAVE_MEMORY_H 1
| #define HAVE_STRINGS_H 1
| #define HAVE_INTTYPES_H 1
| #define HAVE_STDINT_H 1
| #define HAVE_UNISTD_H 1
| #define HAVE_STRING_H 1
| /* end confdefs.h.  */
| 
| /* Override any gcc2 internal prototype to avoid an error.  */
| #ifdef __cplusplus
| extern "C"
| #endif
| /* We use char because int might match the return type of a gcc2
|    builtin and then its argument prototype would still apply.  */
| char dcgettext ();
| int
| main ()
| {
| dcgettext ();
|   ;
|   return 0;
| }
configure:3502: result: no
configure:3508: checking for getnodebyname in -ldnet_stub
configure:3539: gcc -o conftest -g -O2   conftest.c -ldnet_stub   >&5
/usr/bin/ld: cannot find -ldnet_stub
collect2: ld returned 1 exit status
configure:3542: $? = 1
configure: failed program was:
| #line 3515 "configure"
| /* confdefs.h.  */
| 
| #define PACKAGE_NAME ""
| #define PACKAGE_TARNAME ""
| #define PACKAGE_VERSION ""
| #define PACKAGE_STRING ""
| #define PACKAGE_BUGREPORT ""
| #ifdef __cplusplus
| #include <stdlib.h>
| #endif
| #define STDC_HEADERS 1
| #define HAVE_SYS_TYPES_H 1
| #define HAVE_SYS_STAT_H 1
| #define HAVE_STDLIB_H 1
| #define HAVE_STRING_H 1
| #define HAVE_MEMORY_H 1
| #define HAVE_STRINGS_H 1
| #define HAVE_INTTYPES_H 1
| #define HAVE_STDINT_H 1
| #define HAVE_UNISTD_H 1
| #define HAVE_STRING_H 1
| /* end confdefs.h.  */
| 
| /* Override any gcc2 internal prototype to avoid an error.  */
| #ifdef __cplusplus
| extern "C"
| #endif
| /* We use char because int might match the return type of a gcc2
|    builtin and then its argument prototype would still apply.  */
| char getnodebyname ();
| int
| main ()
| {
| getnodebyname ();
|   ;
|   return 0;
| }
configure:3560: result: no
configure:3606: checking that g++ can handle -O2
configure:3633: gcc -c -g -O2  conftest.c >&5
configure: In function 'main':
configure:3636: error: 'error' undeclared (first use in this function)
configure:3636: error: (Each undeclared identifier is reported only once
configure:3636: error: for each function it appears in.)
configure:3640: error: expected ';' before 'int'
configure:3636: $? = 1
configure: failed program was:
| #line 3608 "configure"
| /* confdefs.h.  */
| 
| #define PACKAGE_NAME ""
| #define PACKAGE_TARNAME ""
| #define PACKAGE_VERSION ""
| #define PACKAGE_STRING ""
| #define PACKAGE_BUGREPORT ""
| #ifdef __cplusplus
| #include <stdlib.h>
| #endif
| #define STDC_HEADERS 1
| #define HAVE_SYS_TYPES_H 1
| #define HAVE_SYS_STAT_H 1
| #define HAVE_STDLIB_H 1
| #define HAVE_STRING_H 1
| #define HAVE_MEMORY_H 1
| #define HAVE_STRINGS_H 1
| #define HAVE_INTTYPES_H 1
| #define HAVE_STDINT_H 1
| #define HAVE_UNISTD_H 1
| #define HAVE_STRING_H 1
| /* end confdefs.h.  */
| 
| int
| main ()
| {
| #if __GNUC__ < 2  || __GNUC_MINOR__ < 8
| 		/* gcc */
| 		error
| 		#endif
| 		#if __GNUC_MINOR__ < 92
| 		/* egcs */
| 		int error;
| 		#endif
| 
|   ;
|   return 0;
| }
configure:3652: result: no
configure:3724: checking standard STL is available
configure:3757: g++ -c -g -O2  conftest.cc >&5
In file included from /usr/include/c++/4.4/backward/hash_map:59,
                 from configure:3759:
/usr/include/c++/4.4/backward/backward_warning.h:28:2: warning: #warning This file includes at least one deprecated or antiquated header which may be removed without further notice at a future date. Please use a non-deprecated interface with equivalent functionality instead. For a listing of replacement headers and interfaces, consult the file backward_warning.h. To disable this warning use -Wno-deprecated.
configure:3760: error: expected template-name before '<' token
configure:3760: error: expected '{' before '<' token
configure:3760: error: expected unqualified-id before '<' token
configure:3760: $? = 1
configure: failed program was:
| #line 3736 "configure"
| /* confdefs.h.  */
| 
| #define PACKAGE_NAME ""
| #define PACKAGE_TARNAME ""
| #define PACKAGE_VERSION ""
| #define PACKAGE_STRING ""
| #define PACKAGE_BUGREPORT ""
| #ifdef __cplusplus
| #include <stdlib.h>
| #endif
| #define STDC_HEADERS 1
| #define HAVE_SYS_TYPES_H 1
| #define HAVE_SYS_STAT_H 1
| #define HAVE_STDLIB_H 1
| #define HAVE_STRING_H 1
| #define HAVE_MEMORY_H 1
| #define HAVE_STRINGS_H 1
| #define HAVE_INTTYPES_H 1
| #define HAVE_STDINT_H 1
| #define HAVE_UNISTD_H 1
| #define HAVE_STRING_H 1
| /* end confdefs.h.  */
| #include <list>
| 	#include <hash_map>
| 	template <class _T> class tlist : public list <_T> {};
| 
| int
| main ()
| {
| return 0;
| 
|   ;
|   return 0;
| }
configure:3775: result: no
configure:3865: checking for ranlib
configure:3881: found /usr/bin/ranlib
configure:3892: result: ranlib
configure:3910: checking for snprintf
configure:3960: gcc -o conftest -g -O2   conftest.c  >&5
configure:3953: warning: conflicting types for built-in function 'snprintf'
configure:3963: $? = 0
configure:3966: test -s conftest
configure:3969: $? = 0
configure:3980: result: yes
configure:3990: checking for ANSI C header files
configure:4140: result: yes
configure:4157: checking for strtoq
configure:4207: gcc -o conftest -g -O2   conftest.c  >&5
configure:4210: $? = 0
configure:4213: test -s conftest
configure:4216: $? = 0
configure:4227: result: yes
configure:4157: checking for strtoll
configure:4207: gcc -o conftest -g -O2   conftest.c  >&5
configure:4210: $? = 0
configure:4213: test -s conftest
configure:4216: $? = 0
configure:4227: result: yes
configure:4242: checking for long
configure:4267: gcc -c -g -O2  conftest.c >&5
configure:4270: $? = 0
configure:4273: test -s conftest.o
configure:4276: $? = 0
configure:4287: result: yes
configure:4290: checking size of long
configure:4565: gcc -o conftest -g -O2   conftest.c  >&5
configure:4568: $? = 0
configure:4570: ./conftest
configure:4573: $? = 0
configure:4596: result: 8
configure:4606: checking for strtol
configure:4656: gcc -o conftest -g -O2   conftest.c  >&5
configure:4659: $? = 0
configure:4662: test -s conftest
configure:4665: $? = 0
configure:4676: result: yes
configure:4681: checking for __int64_t
configure:4702: gcc -o conftest -g -O2   conftest.c  >&5
configure: In function 'main':
configure:4718: error: '__int64_t' undeclared (first use in this function)
configure:4718: error: (Each undeclared identifier is reported only once
configure:4718: error: for each function it appears in.)
configure:4718: error: expected ';' before 'x'
configure:4718: warning: incompatible implicit declaration of built-in function 'exit'
configure:4718: error: 'x' undeclared (first use in this function)
configure:4705: $? = 1
configure: program exited with status 1
configure: failed program was:
| #line 4690 "configure"
| /* confdefs.h.  */
| 
| #define PACKAGE_NAME ""
| #define PACKAGE_TARNAME ""
| #define PACKAGE_VERSION ""
| #define PACKAGE_STRING ""
| #define PACKAGE_BUGREPORT ""
| #ifdef __cplusplus
| #include <stdlib.h>
| #endif
| #define STDC_HEADERS 1
| #define HAVE_SYS_TYPES_H 1
| #define HAVE_SYS_STAT_H 1
| #define HAVE_STDLIB_H 1
| #define HAVE_STRING_H 1
| #define HAVE_MEMORY_H 1
| #define HAVE_STRINGS_H 1
| #define HAVE_INTTYPES_H 1
| #define HAVE_STDINT_H 1
| #define HAVE_UNISTD_H 1
| #define HAVE_STRING_H 1
| #define HAVE_SNPRINTF 1
| #define STDC_HEADERS 1
| #define HAVE_STRTOQ 1
| #define HAVE_STRTOLL 1
| #define SIZEOF_LONG 8
| /* end confdefs.h.  */
| 
| main() { __int64_t x; exit (sizeof(x) >= 8 ? 0 : 1); }
| 
configure:4724: result: no
configure:4730: checking for long long
configure:4751: gcc -o conftest -g -O2   conftest.c  >&5
configure: In function 'main':
configure:4767: warning: incompatible implicit declaration of built-in function 'exit'
configure:4754: $? = 0
configure:4756: ./conftest
configure:4759: $? = 0
configure:4773: result: yes
configure:4781: checking for int64_t
configure:4808: result: yes
configure:4818: checking which kind of 64-bit int to use
configure:4830: result: int64_t
configure:5030: checking for tcl.h
configure:5078: result: -I../include
configure:5084: checking for libtcl8.4
configure:5148: result: -L../lib -ltcl8.4
configure:5154: checking for init.tcl
configure:5193: result: ../lib/tcl8.4
configure:5210: checking for http.tcl
configure:5249: result: ../lib/tcl8.4/http2.4
configure:5254: checking Tcl http.tcl library
configure:5258: result: yes
configure:5281: checking for tclsh8.4.5
configure:5314: result: no
configure:5281: checking for tclsh8.4
configure:5299: found ../bin/tclsh8.4
configure:5311: result: ../bin/tclsh8.4
configure:5538: checking for tk.h
configure:5586: result: -I../include
configure:5592: checking for libtk8.4
configure:5656: result: -L../lib -ltk8.4
configure:5662: checking for tk.tcl
configure:5701: result: ../lib/tk8.4
configure:5800: checking for otcl.h
configure:5848: result: -I../otcl-1.9
configure:5854: checking for libotcl1.9
configure:5918: result: -L../otcl-1.9 -lotcl
configure:6003: gcc -E  conftest.c
configure:6009: $? = 0
configure:6048: checking for XOpenDisplay in -lX11
configure:6079: gcc -o conftest -g -O2   conftest.c -lX11   >&5
configure:6082: $? = 0
configure:6085: test -s conftest
configure:6088: $? = 0
configure:6100: result: yes
configure:6126: checking for XShmAttach in -lXext
configure:6157: gcc -o conftest -g -O2   conftest.c -lXext -lX11  >&5
configure:6160: $? = 0
configure:6163: test -s conftest
configure:6166: $? = 0
configure:6178: result: yes
configure:6361: checking for dlopen in -ldl
configure:6392: gcc -o conftest -g -O2   conftest.c -ldl   >&5
configure:6395: $? = 0
configure:6398: test -s conftest
configure:6401: $? = 0
configure:6413: result: yes
configure:6594: checking for a BSD-compatible install
configure:6648: result: /usr/bin/install -c
configure:6788: creating ./config.status

## ---------------------- ##
## Running config.status. ##
## ---------------------- ##

This file was extended by config.status, which was
generated by GNU Autoconf 2.57.  Invocation command line was

  CONFIG_FILES    = 
  CONFIG_HEADERS  = 
  CONFIG_LINKS    = 
  CONFIG_COMMANDS = 
  $ ./config.status 

on corona

config.status:657: creating Makefile

## ---------------- ##
## Cache variables. ##
## ---------------- ##

ac_cv_build=x86_64-unknown-linux-gnu
ac_cv_build_alias=x86_64-unknown-linux-gnu
ac_cv_c_compiler_gnu=yes
ac_cv_cxx_compiler_gnu=yes
ac_cv_env_CC_set=
ac_cv_env_CC_value=
ac_cv_env_CFLAGS_set=
ac_cv_env_CFLAGS_value=
ac_cv_env_CPPFLAGS_set=
ac_cv_env_CPPFLAGS_value=
ac_cv_env_CPP_set=
ac_cv_env_CPP_value=
ac_cv_env_CXXFLAGS_set=
ac_cv_env_CXXFLAGS_value=
ac_cv_env_CXX_set=
ac_cv_env_CXX_value=
ac_cv_env_LDFLAGS_set=
ac_cv_env_LDFLAGS_value=
ac_cv_env_build_alias_set=
ac_cv_env_build_alias_value=
ac_cv_env_host_alias_set=
ac_cv_env_host_alias_value=
ac_cv_env_target_alias_set=
ac_cv_env_target_alias_value=
ac_cv_exeext=
ac_cv_func_snprintf=yes
ac_cv_func_strtol=yes
ac_cv_func_strtoll=yes
ac_cv_func_strtoq=yes
ac_cv_header_inttypes_h=yes
ac_cv_header_memory_h=yes
ac_cv_header_stdc=yes
ac_cv_header_stdint_h=yes
ac_cv_header_stdlib_h=yes
ac_cv_header_string_h=yes
ac_cv_header_strings_h=yes
ac_cv_header_sys_stat_h=yes
ac_cv_header_sys_types_h=yes
ac_cv_header_unistd_h=yes
ac_cv_host=x86_64-unknown-linux-gnu
ac_cv_host_alias=x86_64-unknown-linux-gnu
ac_cv_lib_X11_XOpenDisplay=yes
ac_cv_lib_Xbsd_main=no
ac_cv_lib_Xext_XShmAttach=yes
ac_cv_lib_dl_dlopen=yes
ac_cv_lib_dnet_stub_getnodebyname=no
ac_cv_lib_intl_dcgettext=no
ac_cv_lib_nsl_gethostbyname=yes
ac_cv_lib_socket_socket=no
ac_cv_objext=o
ac_cv_path_V_TCLSH=../bin/tclsh8.4
ac_cv_path_install='/usr/bin/install -c'
ac_cv_prog_CPP='gcc -E'
ac_cv_prog_ac_ct_CC=gcc
ac_cv_prog_ac_ct_CXX=g++
ac_cv_prog_ac_ct_RANLIB=ranlib
ac_cv_prog_cc_g=yes
ac_cv_prog_cc_stdc=
ac_cv_prog_cxx_g=yes
ac_cv_prog_egrep='grep -E'
ac_cv_sizeof_long=8
ac_cv_target=x86_64-unknown-linux-gnu
ac_cv_target_alias=x86_64-unknown-linux-gnu
ac_cv_type_int64_t=yes
ac_cv_type_long=yes

## ----------------- ##
## Output variables. ##
## ----------------- ##

CC='gcc'
CFLAGS='-g -O2'
CPP='gcc -E'
CPPFLAGS=''
CXX='g++'
CXXFLAGS='-g -O2'
DEFS='-DPACKAGE_NAME=\"\" -DPACKAGE_TARNAME=\"\" -DPACKAGE_VERSION=\"\" -DPACKAGE_STRING=\"\" -DPACKAGE_BUGREPORT=\"\" -DSTDC_HEADERS=1 -DHAVE_SYS_TYPES_H=1 -DHAVE_SYS_STAT_H=1 -DHAVE_STDLIB_H=1 -DHAVE_STRING_H=1 -DHAVE_MEMORY_H=1 -DHAVE_STRINGS_H=1 -DHAVE_INTTYPES_H=1 -DHAVE_STDINT_H=1 -DHAVE_UNISTD_H=1 -DHAVE_STRING_H=1 -DHAVE_SNPRINTF=1 -DSTDC_HEADERS=1 -DHAVE_STRTOQ=1 -DHAVE_STRTOLL=1 -DSIZEOF_LONG=8 -DHAVE_INT64=1 -DHAVE_TCL_H=1 -DHAVE_LIBTCL8_4=1 -DHAVE_TK_H=1 -DHAVE_LIBTK8_4=1 -DHAVE_OTCL_H=1 -DHAVE_LIBOTCL1_9=1 '
ECHO_C=''
ECHO_N='-n'
ECHO_T=''
EGREP='grep -E'
EXEEXT=''
INSTALL_DATA='${INSTALL} -m 644'
INSTALL_PROGRAM='${INSTALL}'
INSTALL_SCRIPT='${INSTALL}'
LDFLAGS=''
LIBOBJS=''
LIBS=''
LTLIBOBJS=''
OBJEXT='o'
PACKAGE_BUGREPORT=''
PACKAGE_NAME=''
PACKAGE_STRING=''
PACKAGE_TARNAME=''
PACKAGE_VERSION=''
PATH_SEPARATOR=':'
RANLIB='ranlib'
SHELL='/bin/bash'
V_ALL='libtclcl.a'
V_AR='ar cr'
V_BROKEN_OBJ=''
V_CCOPT=''
V_DEFINE=' -DNDEBUG -DUSE_SHM'
V_DEFINES='-DHAVE_LIBOTCL1_9 -DHAVE_OTCL_H -DHAVE_LIBTK8_4 -DHAVE_TK_H -DHAVE_LIBTCL8_4 -DHAVE_TCL_H '
V_INCLUDE=''
V_INCLUDES='-I/home/soohyunc/USN/otcl-1.9 -I/home/soohyunc/USN/include -I/home/soohyunc/USN/include'
V_INCLUDE_X11=''
V_LIB=' -lnsl -ldl'
V_LIBRARY_TCL='../lib/tcl8.4'
V_LIBRARY_TK='../lib/tk8.4'
V_LIBS='-L/home/soohyunc/USN/otcl-1.9 -lotcl -L/home/soohyunc/USN/lib -ltk8.4 -L/home/soohyunc/USN/lib -ltcl8.4'
V_LIB_OTCL='-L/home/soohyunc/USN/otcl-1.9 -lotcl'
V_LIB_TCL='-L/home/soohyunc/USN/lib -ltcl8.4'
V_LIB_TCLCL=''
V_LIB_TK='-L/home/soohyunc/USN/lib -ltk8.4'
V_LIB_X11='-lXext -lX11'
V_LSSCRIPT=''
V_NS_TCL_LIB_STL=''
V_OBJ=''
V_OBJ_CRYPT=''
V_RANLIB='ranlib'
V_SHELL=''
V_SIGRET='void'
V_STATIC=''
V_STLOBJ=''
V_TARCMD='tar cfh'
V_TAR_EXTRA=''
V_TAR_TARGET='linux-gnu'
V_TCLSH='/home/soohyunc/USN/bin/tclsh8.4'
V_TCL_LIBRARY_FILES='$(TCL_BASE_LIBRARY_FILES) ../lib/tcl8.4/http2.4/http.tcl'
V_TKDOSNAMES='$(LIBRARY_TK)/optMenu.tcl $(LIBRARY_TK)/scrlbar.tcl'
ac_ct_CC='gcc'
ac_ct_CXX='g++'
ac_ct_RANLIB='ranlib'
bindir='${exec_prefix}/bin'
build='x86_64-unknown-linux-gnu'
build_alias=''
build_cpu='x86_64'
build_os='linux-gnu'
build_vendor='unknown'
datadir='${prefix}/share'
exec_prefix='${prefix}'
host='x86_64-unknown-linux-gnu'
host_alias=''
host_cpu='x86_64'
host_os='linux-gnu'
host_vendor='unknown'
includedir='${prefix}/include'
infodir='${prefix}/info'
libdir='${exec_prefix}/lib'
libexecdir='${exec_prefix}/libexec'
localstatedir='${prefix}/var'
mandir='${prefix}/man'
oldincludedir='/usr/include'
prefix='/usr/local'
program_transform_name='s,x,x,'
sbindir='${exec_prefix}/sbin'
sharedstatedir='${prefix}/com'
sysconfdir='${prefix}/etc'
target='x86_64-unknown-linux-gnu'
target_alias=''
target_cpu='x86_64'
target_os='linux-gnu'
target_vendor='unknown'

## ----------- ##
## confdefs.h. ##
## ----------- ##

#define HAVE_INT64 1
#define HAVE_INTTYPES_H 1
#define HAVE_LIBOTCL1_9 1
#define HAVE_LIBTCL8_4 1
#define HAVE_LIBTK8_4 1
#define HAVE_MEMORY_H 1
#define HAVE_OTCL_H 1
#define HAVE_SNPRINTF 1
#define HAVE_STDINT_H 1
#define HAVE_STDLIB_H 1
#define HAVE_STRINGS_H 1
#define HAVE_STRING_H 1
#define HAVE_STRING_H 1
#define HAVE_STRTOLL 1
#define HAVE_STRTOQ 1
#define HAVE_SYS_STAT_H 1
#define HAVE_SYS_TYPES_H 1
#define HAVE_TCL_H 1
#define HAVE_TK_H 1
#define HAVE_UNISTD_H 1
#define PACKAGE_BUGREPORT ""
#define PACKAGE_NAME ""
#define PACKAGE_STRING ""
#define PACKAGE_TARNAME ""
#define PACKAGE_VERSION ""
#define SIZEOF_LONG 8
#define STDC_HEADERS 1
#define STDC_HEADERS 1
#endif
#ifdef __cplusplus
#include <stdlib.h>

configure: exit 0
